<?xml version="1.0" encoding="UTF-8"?>
<testng-results ignored="0" total="4" passed="4" failed="0" skipped="0">
  <reporter-output>
  </reporter-output>
  <suite started-at="2026-06-03T17:31:28 EDT" name="Login Test Suite" finished-at="2026-06-03T17:32:27 EDT" duration-ms="59294">
    <groups>
    </groups>
    <test started-at="2026-06-03T17:31:28 EDT" name="Login Tests" finished-at="2026-06-03T17:32:27 EDT" duration-ms="59294">
      <class name="com.applitools.tests.LoginTest">
        <test-method is-config="true" signature="setUp(java.lang.String,java.lang.String,java.lang.reflect.Method)[pri:0, instance:com.applitools.tests.LoginTest@15b204a1]" started-at="2026-06-03T17:31:28 EDT" name="setUp" finished-at="2026-06-03T17:31:40 EDT" duration-ms="12343" status="PASS">
          <params>
            <param index="0">
              <value>
                <![CDATA[chrome]]>
              </value>
            </param>
            <param index="1">
              <value>
                <![CDATA[false]]>
              </value>
            </param>
            <param index="2">
              <value>
                <![CDATA[public void com.applitools.tests.LoginTest.testEmptyCredentials()]]>
              </value>
            </param>
          </params>
          <reporter-output>
          </reporter-output>
        </test-method> <!-- setUp -->
        <test-method signature="testEmptyCredentials()[pri:0, instance:com.applitools.tests.LoginTest@15b204a1]" started-at="2026-06-03T17:31:40 EDT" name="testEmptyCredentials" description="Empty fields should show a validation error" finished-at="2026-06-03T17:31:56 EDT" duration-ms="15633" status="PASS">
          <reporter-output>
          </reporter-output>
        </test-method> <!-- testEmptyCredentials -->
        <test-method is-config="true" signature="tearDown(org.testng.ITestResult)[pri:0, instance:com.applitools.tests.LoginTest@15b204a1]" started-at="2026-06-03T17:31:56 EDT" name="tearDown" finished-at="2026-06-03T17:32:07 EDT" duration-ms="11108" status="PASS">
          <params>
            <param index="0">
              <value>
                <![CDATA[[TestResult name=testEmptyCredentials status=SUCCESS method=LoginTest.testEmptyCredentials()[pri:0, instance:com.applitools.tests.LoginTest@15b204a1] output={null}]]]>
              </value>
            </param>
          </params>
          <reporter-output>
          </reporter-output>
        </test-method> <!-- tearDown -->
        <test-method is-config="true" signature="setUp(java.lang.String,java.lang.String,java.lang.reflect.Method)[pri:0, instance:com.applitools.tests.LoginTest@15b204a1]" started-at="2026-06-03T17:32:07 EDT" name="setUp" finished-at="2026-06-03T17:32:09 EDT" duration-ms="1888" status="PASS">
          <params>
            <param index="0">
              <value>
                <![CDATA[chrome]]>
              </value>
            </param>
            <param index="1">
              <value>
                <![CDATA[false]]>
              </value>
            </param>
            <param index="2">
              <value>
                <![CDATA[public void com.applitools.tests.LoginTest.testInvalidLogin()]]>
              </value>
            </param>
          </params>
          <reporter-output>
          </reporter-output>
        </test-method> <!-- setUp -->
        <test-method signature="testInvalidLogin()[pri:0, instance:com.applitools.tests.LoginTest@15b204a1]" started-at="2026-06-03T17:32:09 EDT" name="testInvalidLogin" description="Invalid credentials should show an error message" finished-at="2026-06-03T17:32:25 EDT" duration-ms="15687" status="PASS">
          <reporter-output>
          </reporter-output>
        </test-method> <!-- testInvalidLogin -->
        <test-method is-config="true" signature="tearDown(org.testng.ITestResult)[pri:0, instance:com.applitools.tests.LoginTest@15b204a1]" started-at="2026-06-03T17:32:25 EDT" name="tearDown" finished-at="2026-06-03T17:32:25 EDT" duration-ms="95" status="PASS">
          <params>
            <param index="0">
              <value>
                <![CDATA[[TestResult name=testInvalidLogin status=SUCCESS method=LoginTest.testInvalidLogin()[pri:0, instance:com.applitools.tests.LoginTest@15b204a1] output={null}]]]>
              </value>
            </param>
          </params>
          <reporter-output>
          </reporter-output>
        </test-method> <!-- tearDown -->
        <test-method is-config="true" signature="setUp(java.lang.String,java.lang.String,java.lang.reflect.Method)[pri:0, instance:com.applitools.tests.LoginTest@15b204a1]" started-at="2026-06-03T17:32:25 EDT" name="setUp" finished-at="2026-06-03T17:32:26 EDT" duration-ms="955" status="PASS">
          <params>
            <param index="0">
              <value>
                <![CDATA[chrome]]>
              </value>
            </param>
            <param index="1">
              <value>
                <![CDATA[false]]>
              </value>
            </param>
            <param index="2">
              <value>
                <![CDATA[public void com.applitools.tests.LoginTest.testLogout()]]>
              </value>
            </param>
          </params>
          <reporter-output>
          </reporter-output>
        </test-method> <!-- setUp -->
        <test-method signature="testLogout()[pri:0, instance:com.applitools.tests.LoginTest@15b204a1]" started-at="2026-06-03T17:32:26 EDT" name="testLogout" description="Logout should return to the login form" finished-at="2026-06-03T17:32:26 EDT" duration-ms="204" status="PASS">
          <reporter-output>
          </reporter-output>
        </test-method> <!-- testLogout -->
        <test-method is-config="true" signature="tearDown(org.testng.ITestResult)[pri:0, instance:com.applitools.tests.LoginTest@15b204a1]" started-at="2026-06-03T17:32:26 EDT" name="tearDown" finished-at="2026-06-03T17:32:26 EDT" duration-ms="83" status="PASS">
          <params>
            <param index="0">
              <value>
                <![CDATA[[TestResult name=testLogout status=SUCCESS method=LoginTest.testLogout()[pri:0, instance:com.applitools.tests.LoginTest@15b204a1] output={null}]]]>
              </value>
            </param>
          </params>
          <reporter-output>
          </reporter-output>
        </test-method> <!-- tearDown -->
        <test-method is-config="true" signature="setUp(java.lang.String,java.lang.String,java.lang.reflect.Method)[pri:0, instance:com.applitools.tests.LoginTest@15b204a1]" started-at="2026-06-03T17:32:26 EDT" name="setUp" finished-at="2026-06-03T17:32:27 EDT" duration-ms="1019" status="PASS">
          <params>
            <param index="0">
              <value>
                <![CDATA[chrome]]>
              </value>
            </param>
            <param index="1">
              <value>
                <![CDATA[false]]>
              </value>
            </param>
            <param index="2">
              <value>
                <![CDATA[public void com.applitools.tests.LoginTest.testSuccessfulLogin()]]>
              </value>
            </param>
          </params>
          <reporter-output>
          </reporter-output>
        </test-method> <!-- setUp -->
        <test-method signature="testSuccessfulLogin()[pri:0, instance:com.applitools.tests.LoginTest@15b204a1]" started-at="2026-06-03T17:32:27 EDT" name="testSuccessfulLogin" description="Valid credentials should show the dashboard" finished-at="2026-06-03T17:32:27 EDT" duration-ms="184" status="PASS">
          <reporter-output>
          </reporter-output>
        </test-method> <!-- testSuccessfulLogin -->
        <test-method is-config="true" signature="tearDown(org.testng.ITestResult)[pri:0, instance:com.applitools.tests.LoginTest@15b204a1]" started-at="2026-06-03T17:32:27 EDT" name="tearDown" finished-at="2026-06-03T17:32:27 EDT" duration-ms="83" status="PASS">
          <params>
            <param index="0">
              <value>
                <![CDATA[[TestResult name=testSuccessfulLogin status=SUCCESS method=LoginTest.testSuccessfulLogin()[pri:0, instance:com.applitools.tests.LoginTest@15b204a1] output={null}]]]>
              </value>
            </param>
          </params>
          <reporter-output>
          </reporter-output>
        </test-method> <!-- tearDown -->
        <test-method is-config="true" signature="finalizeVisualTests()[pri:0, instance:com.applitools.tests.LoginTest@15b204a1]" started-at="2026-06-03T17:32:27 EDT" name="finalizeVisualTests" finished-at="2026-06-03T17:32:29 EDT" duration-ms="1601" status="PASS">
          <reporter-output>
          </reporter-output>
        </test-method> <!-- finalizeVisualTests -->
      </class> <!-- com.applitools.tests.LoginTest -->
    </test> <!-- Login Tests -->
  </suite> <!-- Login Test Suite -->
</testng-results>
