<?xml version="1.0" encoding="UTF-8"?>
<!-- Generated by org.testng.reporters.JUnitXMLReporter -->
<testsuite ignored="0" hostname="M-Rahman" failures="0" tests="4" name="Login Tests" time="59.294" errors="0" timestamp="2026-06-03T17:32:27 EDT">
  <testcase classname="com.applitools.tests.LoginTest" name="testEmptyCredentials" time="15.633"/>
  <testcase classname="com.applitools.tests.LoginTest" name="testInvalidLogin" time="15.687"/>
  <testcase classname="com.applitools.tests.LoginTest" name="testLogout" time="0.204"/>
  <testcase classname="com.applitools.tests.LoginTest" name="testSuccessfulLogin" time="0.184"/>
</testsuite> <!-- Login Tests -->
