<?xml version="1.0" encoding="UTF-8"?>
<!-- Generated by org.testng.reporters.JUnitReportReporter -->
<testsuite hostname="M-Rahman" failures="0" tests="4" name="com.applitools.tests.LoginTest" time="59.282" errors="0" timestamp="2026-06-03T17:32:29 EDT" skipped="0">
  <testcase classname="com.applitools.tests.LoginTest" name="testSuccessfulLogin" time="12.610"/>
  <testcase classname="com.applitools.tests.LoginTest" name="testEmptyCredentials" time="16.683"/>
  <testcase classname="com.applitools.tests.LoginTest" name="testLogout" time="13.200"/>
  <testcase classname="com.applitools.tests.LoginTest" name="testInvalidLogin" time="16.789"/>
</testsuite> <!-- com.applitools.tests.LoginTest -->
